
Showing logs for build [32mcb-kubecd-environment-pr-191-60-xs4k7-1[0m stage [32mfrom-build-pack[0m and container [32mstep-credential-initializer-4dvc7[0m
{"level":"warn","ts":1585379072.297241,"logger":"fallback-logger","caller":"logging/config.go:69","msg":"Fetch GitHub commit ID from kodata failed: \"ref: refs/heads/0.8.0-**-support-backwards-incompats\" is not a valid GitHub commit ID"}
{"level":"info","ts":1585379072.2979069,"logger":"fallback-logger","caller":"creds-init/main.go:40","msg":"Credentials initialized."}

Showing logs for build [32mcb-kubecd-environment-pr-191-60-xs4k7-1[0m stage [32mfrom-build-pack[0m and container [32mstep-working-dir-initializer-4gwrq[0m
{"level":"warn","ts":1585379073.2173555,"logger":"fallback-logger","caller":"logging/config.go:69","msg":"Fetch GitHub commit ID from kodata failed: open /var/run/ko/HEAD: no such file or directory"}
{"level":"info","ts":1585379073.2194724,"logger":"fallback-logger","caller":"bash/main.go:64","msg":"Successfully executed command \"sh -c mkdir -p /workspace/source\"; output "}

Showing logs for build [32mcb-kubecd-environment-pr-191-60-xs4k7-1[0m stage [32mfrom-build-pack[0m and container [32mstep-place-tools[0m

Showing logs for build [32mcb-kubecd-environment-pr-191-60-xs4k7-1[0m stage [32mfrom-build-pack[0m and container [32mstep-git-source-cb-kubecd-environment-pr-191-60-xs4k7-sj58h[0m
{"level":"warn","ts":1585379079.4464724,"logger":"fallback-logger","caller":"logging/config.go:69","msg":"Fetch GitHub commit ID from kodata failed: \"ref: refs/heads/0.8.0-**-support-backwards-incompats\" is not a valid GitHub commit ID"}
{"level":"info","ts":1585379080.6098528,"logger":"fallback-logger","caller":"git/git.go:103","msg":"Successfully cloned https://github.com/cb-kubecd/environment-pr-191-60-gke-upgrade-production.git @ master in path /workspace/source"}

Showing logs for build [32mcb-kubecd-environment-pr-191-60-xs4k7-1[0m stage [32mfrom-build-pack[0m and container [32mstep-git-merge[0m
Using SHAs from PULL_REFS=master:80db21fc173f0e190eac71de9f4aea123d0695da,1:14861f7899efd39e48f44a5e5d4ccf9d21522cae
DEBUG: JX_LOG_LEVEL=error LC_ALL=C git fetch origin --unshallow 14861f7899efd39e48f44a5e5d4ccf9d21522cae: 80db21fc173f0e190eac71de9f4aea123d0695da:
DEBUG: ran git fetch --unshallow origin 14861f7899efd39e48f44a5e5d4ccf9d21522cae: 80db21fc173f0e190eac71de9f4aea123d0695da: in 
DEBUG: LC_ALL=C JX_LOG_LEVEL=error git branch
DEBUG: LC_ALL=C JX_LOG_LEVEL=error git checkout master
DEBUG: ran git checkout master in 
DEBUG: LC_ALL=C JX_LOG_LEVEL=error git reset --hard 80db21fc173f0e190eac71de9f4aea123d0695da
DEBUG: ran git reset --hard 80db21fc173f0e190eac71de9f4aea123d0695da in 
DEBUG: JX_LOG_LEVEL=error LC_ALL=C git clean -fd .
DEBUG: ran clean --force -d . in 
DEBUG: LC_ALL=C JX_LOG_LEVEL=error git merge 14861f7899efd39e48f44a5e5d4ccf9d21522cae
DEBUG: ran git merge 14861f7899efd39e48f44a5e5d4ccf9d21522cae in 
DEBUG: LC_ALL=C JX_LOG_LEVEL=error git log --format=%H%x1f%an%x1f%ae%x1f%cn%x1f%ce%x1f%s%n%b%x1e 80db21fc173f0e190eac71de9f4aea123d0695da..HEAD
Merged SHA 14861f7899efd39e48f44a5e5d4ccf9d21522cae with commit message 'chore: Promote bdd-spring-1585377576 to version 0.0.1' into base branch master

Showing logs for build [32mcb-kubecd-environment-pr-191-60-xs4k7-1[0m stage [32mfrom-build-pack[0m and container [32mstep-build-helm-build[0m
WARNING: No $CHART_REPOSITORY defined so using the default value of: http://jenkins-x-chartmuseum:8080
Adding missing Helm repo: storage.googleapis.com https://storage.googleapis.com/chartmuseum.jenkins-x.io
WARNING: No secrets found on "helm/repos" due: reading the secret "helm/repos" from vault: no secret "helm/repos" not found in vault
Read credentials for https://storage.googleapis.com/chartmuseum.jenkins-x.io from vault helm/repos
Successfully added Helm repository storage.googleapis.com.
Adding missing Helm repo: jenkins-x-chartmuseum http://jenkins-x-chartmuseum:8080
WARNING: No secrets found on "helm/repos" due: reading the secret "helm/repos" from vault: no secret "helm/repos" not found in vault
Read credentials for http://jenkins-x-chartmuseum:8080 from vault helm/repos
Successfully added Helm repository jenkins-x-chartmuseum.
WARNING: No $CHART_REPOSITORY defined so using the default value of: http://jenkins-x-chartmuseum:8080
Adding missing Helm repo: chartmuseum.jenkins-x.io http://chartmuseum.jenkins-x.io
WARNING: No secrets found on "helm/repos" due: reading the secret "helm/repos" from vault: no secret "helm/repos" not found in vault
Read credentials for http://chartmuseum.jenkins-x.io from vault helm/repos
Successfully added Helm repository chartmuseum.jenkins-x.io.
